[debug] [2020-01-17T01:41:35.433Z] ----------------------------------------------------------------------
[debug] [2020-01-17T01:41:35.436Z] Command:       C:\Program Files\nodejs\node.exe C:\Users\jacks\AppData\Roaming\npm\node_modules\firebase-tools\lib\bin\firebase.js serve --only functions
[debug] [2020-01-17T01:41:35.436Z] CLI Version:   7.11.0
[debug] [2020-01-17T01:41:35.436Z] Platform:      win32
[debug] [2020-01-17T01:41:35.436Z] Node Version:  v12.14.0
[debug] [2020-01-17T01:41:35.437Z] Time:          Thu Jan 16 2020 19:41:35 GMT-0600 (Central Standard Time)
[debug] [2020-01-17T01:41:35.437Z] ----------------------------------------------------------------------
[debug] [2020-01-17T01:41:35.437Z] 
[debug] [2020-01-17T01:41:35.445Z] > command requires scopes: ["email","openid","https://www.googleapis.com/auth/cloudplatformprojects.readonly","https://www.googleapis.com/auth/firebase","https://www.googleapis.com/auth/cloud-platform"]
[debug] [2020-01-17T01:41:35.445Z] > authorizing via signed-in user
[debug] [2020-01-17T01:41:35.445Z] [iam] checking project theta-chi-uiuc for permissions ["firebase.projects.get"]
[debug] [2020-01-17T01:41:35.447Z] >>> HTTP REQUEST POST https://cloudresourcemanager.googleapis.com/v1/projects/theta-chi-uiuc:testIamPermissions  

[debug] [2020-01-17T01:41:35.636Z] <<< HTTP RESPONSE 200
[debug] [2020-01-17T01:41:35.638Z] >>> HTTP REQUEST GET https://firebase.googleapis.com/v1beta1/projects/theta-chi-uiuc  
 
[debug] [2020-01-17T01:41:35.835Z] <<< HTTP RESPONSE 200
[warn] !  Your requested "node" version "8" doesn't match your global version "12"
[info] +  functions: Emulator started at http://localhost:5000
[info] i  functions: Watching "C:\Users\jacks\Desktop\theta-chi-uiuc-website\functions" for Cloud Functions...
[debug] [2020-01-17T01:41:38.527Z] [worker-pool] addWorker(~diagnostic~)
[debug] [2020-01-17T01:41:38.527Z] [worker-pool] Adding worker with key ~diagnostic~, total=1
[debug] [2020-01-17T01:41:38.527Z] [worker-pool] submitWork(triggerId=)
[debug] [2020-01-17T01:41:38.527Z] [worker-~diagnostic~-9bb87458-44c3-4c6d-b55f-29e2a9edc0ee]: Assigning socketPath: \\?\pipe\C:\Users\jacks\Desktop\theta-chi-uiuc-website\functions\13512
[debug] [2020-01-17T01:41:38.527Z] [worker-~diagnostic~-9bb87458-44c3-4c6d-b55f-29e2a9edc0ee]: BUSY
[debug] [2020-01-17T01:41:38.854Z] [runtime-status] [13512] Functions runtime initialized. {"cwd":"C:\\Users\\jacks\\Desktop\\theta-chi-uiuc-website\\functions","node_version":"12.14.0"}
[debug] [2020-01-17T01:41:38.854Z] [runtime-status] [13512] Disabled runtime features: {"functions_config_helper":true,"network_filtering":true,"timeout":true,"memory_limiting":true,"admin_stubs":true,"pubsub_emulator":true}
[debug] [2020-01-17T01:41:38.856Z] [runtime-status] [13512] Resolved module firebase-admin {"declared":true,"installed":true,"version":"8.9.0","resolution":"C:\\Users\\jacks\\Desktop\\theta-chi-uiuc-website\\functions\\node_modules\\firebase-admin\\lib\\index.js"}
[debug] [2020-01-17T01:41:38.858Z] [runtime-status] [13512] Resolved module firebase-functions {"declared":true,"installed":true,"version":"3.3.0","resolution":"C:\\Users\\jacks\\Desktop\\theta-chi-uiuc-website\\functions\\node_modules\\firebase-functions\\lib\\index.js"}
[debug] [2020-01-17T01:41:38.858Z] [runtime-status] [13512] Resolved module firebase-functions {"declared":true,"installed":true,"version":"3.3.0","resolution":"C:\\Users\\jacks\\Desktop\\theta-chi-uiuc-website\\functions\\node_modules\\firebase-functions\\lib\\index.js"}
[info] +  functions[addCalendarEvent]: http function initialized (http://localhost:5000/theta-chi-uiuc/us-central1/addCalendarEvent).
[info] +  functions[updateCalendarEvent]: http function initialized (http://localhost:5000/theta-chi-uiuc/us-central1/updateCalendarEvent).
[info] +  functions[deleteCalendarEvent]: http function initialized (http://localhost:5000/theta-chi-uiuc/us-central1/deleteCalendarEvent).
[debug] [2020-01-17T01:41:39.440Z] [worker-~diagnostic~-9bb87458-44c3-4c6d-b55f-29e2a9edc0ee]: IDLE
